<?xml version="1.0" encoding="UTF-8"?>
<testng-results skipped="0" failed="0" ignored="0" total="1" passed="1">
  <reporter-output>
  </reporter-output>
  <suite name="Suite" duration-ms="18853" started-at="2020-11-22T19:51:51Z" finished-at="2020-11-22T19:52:10Z">
    <groups>
    </groups>
    <test name="Test" duration-ms="18853" started-at="2020-11-22T19:51:51Z" finished-at="2020-11-22T19:52:10Z">
      <class name="com.TestClasses.TestHomePage">
        <test-method status="PASS" signature="setUp(java.lang.String)[pri:0, instance:com.TestClasses.TestHomePage@66a3ffec]" name="setUp" is-config="true" duration-ms="14927" started-at="2020-11-22T19:51:51Z" finished-at="2020-11-22T19:52:06Z">
          <params>
            <param index="0">
              <value>
                <![CDATA[chrome]]>
              </value>
            </param>
          </params>
          <reporter-output>
          </reporter-output>
        </test-method> <!-- setUp -->
        <test-method status="PASS" signature="TestNavigateToChapter1Page()[pri:0, instance:com.TestClasses.TestHomePage@66a3ffec]" name="TestNavigateToChapter1Page" duration-ms="1374" started-at="2020-11-22T19:52:06Z" finished-at="2020-11-22T19:52:08Z">
          <reporter-output>
          </reporter-output>
        </test-method> <!-- TestNavigateToChapter1Page -->
        <test-method status="PASS" signature="tearDown()[pri:0, instance:com.TestClasses.TestHomePage@66a3ffec]" name="tearDown" is-config="true" duration-ms="2482" started-at="2020-11-22T19:52:08Z" finished-at="2020-11-22T19:52:10Z">
          <reporter-output>
          </reporter-output>
        </test-method> <!-- tearDown -->
      </class> <!-- com.TestClasses.TestHomePage -->
    </test> <!-- Test -->
  </suite> <!-- Suite -->
</testng-results>
