<?xml version="1.0" encoding="UTF-8"?>
<testng-results ignored="0" total="1" passed="1" failed="0" skipped="0">
  <reporter-output>
  </reporter-output>
  <suite started-at="2020-11-24T13:58:24Z" name="Suite" finished-at="2020-11-24T13:58:32Z" duration-ms="8374">
    <groups>
    </groups>
    <test started-at="2020-11-24T13:58:24Z" name="Test" finished-at="2020-11-24T13:58:32Z" duration-ms="8374">
      <class name="com.TestClasses.TestHomePage">
        <test-method is-config="true" signature="setUp(java.lang.String)[pri:0, instance:com.TestClasses.TestHomePage@75f32542]" started-at="2020-11-24T13:58:24Z" name="setUp" finished-at="2020-11-24T13:58:30Z" duration-ms="6697" status="PASS">
          <params>
            <param index="0">
              <value>
                <![CDATA[chrome]]>
              </value>
            </param>
          </params>
          <reporter-output>
          </reporter-output>
        </test-method> <!-- setUp -->
        <test-method signature="testNavigationChapter1ToHomePage()[pri:0, instance:com.TestClasses.TestHomePage@75f32542]" started-at="2020-11-24T13:58:30Z" name="testNavigationChapter1ToHomePage" finished-at="2020-11-24T13:58:31Z" duration-ms="1047" status="PASS">
          <reporter-output>
          </reporter-output>
        </test-method> <!-- testNavigationChapter1ToHomePage -->
        <test-method is-config="true" signature="tearDown()[pri:0, instance:com.TestClasses.TestHomePage@75f32542]" started-at="2020-11-24T13:58:31Z" name="tearDown" finished-at="2020-11-24T13:58:32Z" duration-ms="616" status="PASS">
          <reporter-output>
          </reporter-output>
        </test-method> <!-- tearDown -->
      </class> <!-- com.TestClasses.TestHomePage -->
    </test> <!-- Test -->
  </suite> <!-- Suite -->
</testng-results>
